Communication with the broker has been started:  Time: 2024-05-19T12:53:02.029806
File: binary_1B.bin sent at:  Time: 2024-05-19T12:53:02.822429400
Communication with the broken has been terminated:  Time: 2024-05-19T12:53:07.967735200

Communication with the broker has been started:  Time: 2024-05-19T12:53:28.497488200
File: binary_10B.bin sent at:  Time: 2024-05-19T12:53:29.268503200
Communication with the broken has been terminated:  Time: 2024-05-19T12:53:33.816516300

Communication with the broker has been started:  Time: 2024-05-19T12:53:49.850955500
File: binary_100B.bin sent at:  Time: 2024-05-19T12:53:50.626645800
Communication with the broken has been terminated:  Time: 2024-05-19T12:53:55.205831100

Communication with the broker has been started:  Time: 2024-05-19T12:54:10.196482600
File: binary_1kB.bin sent at:  Time: 2024-05-19T12:54:10.962850300
Communication with the broken has been terminated:  Time: 2024-05-19T12:54:15.741228600

Communication with the broker has been started:  Time: 2024-05-19T12:54:35.294903200
File: binary_10kB.bin sent at:  Time: 2024-05-19T12:54:36.084086300
Communication with the broken has been terminated:  Time: 2024-05-19T12:54:40.263238500

Communication with the broker has been started:  Time: 2024-05-19T12:55:01.098831300
File: binary_100kB.bin sent at:  Time: 2024-05-19T12:55:01.859870900
Communication with the broken has been terminated:  Time: 2024-05-19T12:55:07.052354

Communication with the broker has been started:  Time: 2024-05-19T12:55:25.930753300
File: binary_1MB.bin sent at:  Time: 2024-05-19T12:55:26.720651400
Communication with the broken has been terminated:  Time: 2024-05-19T12:55:35.065070800

Communication with the broker has been started:  Time: 2024-05-19T12:56:06.272268200
File: binary_10MB.bin sent at:  Time: 2024-05-19T12:56:07.024361400
Communication with the broken has been terminated:  Time: 2024-05-19T12:56:12.532888900

Communication with the broker has been started:  Time: 2024-05-19T13:11:30.496644
File: binary_1B.bin sent at:  Time: 2024-05-19T13:11:37.659157200
File: binary_10B.bin sent at:  Time: 2024-05-19T13:11:45.676082
