Communication with the broker has been started:  Time: 2024-05-19T12:34:16.231606
File: binary_1B.bin sent at:  Time: 2024-05-19T12:34:16.677866200
Communication with the broken has been terminated:  Time: 2024-05-19T12:34:23.817627400

Communication with the broker has been started:  Time: 2024-05-19T12:34:55.923789
File: binary_10B.bin sent at:  Time: 2024-05-19T12:34:56.362705400
Communication with the broken has been terminated:  Time: 2024-05-19T12:35:06.359690700

Communication with the broker has been started:  Time: 2024-05-19T12:36:43.982222300
File: binary_100B.bin sent at:  Time: 2024-05-19T12:36:44.419447
Communication with the broken has been terminated:  Time: 2024-05-19T12:36:49.285692400

Communication with the broker has been started:  Time: 2024-05-19T12:37:12.961000400
File: binary_1kB.bin sent at:  Time: 2024-05-19T12:37:13.406555600
Communication with the broken has been terminated:  Time: 2024-05-19T12:37:18.055733900

Communication with the broker has been started:  Time: 2024-05-19T12:37:45.172019700
File: binary_10kB.bin sent at:  Time: 2024-05-19T12:37:45.605116500
Communication with the broken has been terminated:  Time: 2024-05-19T12:37:50.895902

Communication with the broker has been started:  Time: 2024-05-19T12:38:34.128791400
File: binary_100kB.bin sent at:  Time: 2024-05-19T12:38:34.562869200
Communication with the broken has been terminated:  Time: 2024-05-19T12:38:39.203635800

Communication with the broker has been started:  Time: 2024-05-19T12:39:18.111542300
File: binary_1MB.bin sent at:  Time: 2024-05-19T12:39:18.562291300
Communication with the broken has been terminated:  Time: 2024-05-19T12:39:27.488590800

Communication with the broker has been started:  Time: 2024-05-19T12:39:57.504774200
File: binary_10MB.bin sent at:  Time: 2024-05-19T12:39:57.954925700
Communication with the broken has been terminated:  Time: 2024-05-19T12:40:03.448041

Communication with the broker has been started:  Time: 2024-05-19T12:42:54.065696700
File: binary_10B.bin sent at:  Time: 2024-05-19T12:43:04.550713100
File: binary_1B.bin sent at:  Time: 2024-05-19T12:43:17.264013800
File: exit sent at:  Time: 2024-05-19T12:43:23.304401100
Communication with the broken has been terminated:  Time: 2024-05-19T12:43:23.409476600

Communication with the broker has been started:  Time: 2024-05-20T13:40:46.456697800
